d:\mycode\c++\fzyimageprocess\fzyimageprocess\debug\vc140.pdb
d:\mycode\c++\fzyimageprocess\fzyimageprocess\debug\vc140.idb
d:\mycode\c++\fzyimageprocess\fzyimageprocess\debug\improcess.obj
d:\mycode\c++\fzyimageprocess\fzyimageprocess\debug\maintest.obj
d:\mycode\c++\fzyimageprocess\fzyimageprocess\debug\readimage.obj
d:\mycode\c++\fzyimageprocess\fzyimageprocess\debug\readimage.obj.enc
d:\mycode\c++\fzyimageprocess\debug\fzyimageprocess.pdb
d:\mycode\c++\fzyimageprocess\fzyimageprocess\debug\fzyimageprocess.tlog\cl.command.1.tlog
d:\mycode\c++\fzyimageprocess\fzyimageprocess\debug\fzyimageprocess.tlog\cl.read.1.tlog
d:\mycode\c++\fzyimageprocess\fzyimageprocess\debug\fzyimageprocess.tlog\cl.write.1.tlog
d:\mycode\c++\fzyimageprocess\fzyimageprocess\debug\fzyimageprocess.tlog\link-cvtres.read.1.tlog
d:\mycode\c++\fzyimageprocess\fzyimageprocess\debug\fzyimageprocess.tlog\link-cvtres.write.1.tlog
d:\mycode\c++\fzyimageprocess\fzyimageprocess\debug\fzyimageprocess.tlog\link-rc.read.1.tlog
d:\mycode\c++\fzyimageprocess\fzyimageprocess\debug\fzyimageprocess.tlog\link-rc.write.1.tlog
d:\mycode\c++\fzyimageprocess\fzyimageprocess\debug\fzyimageprocess.tlog\link.11776-cvtres.read.1.tlog
d:\mycode\c++\fzyimageprocess\fzyimageprocess\debug\fzyimageprocess.tlog\link.11776-cvtres.write.1.tlog
d:\mycode\c++\fzyimageprocess\fzyimageprocess\debug\fzyimageprocess.tlog\link.11776-rc.read.1.tlog
d:\mycode\c++\fzyimageprocess\fzyimageprocess\debug\fzyimageprocess.tlog\link.11776-rc.write.1.tlog
d:\mycode\c++\fzyimageprocess\fzyimageprocess\debug\fzyimageprocess.tlog\link.11776.read.1.tlog
d:\mycode\c++\fzyimageprocess\fzyimageprocess\debug\fzyimageprocess.tlog\link.11776.write.1.tlog
d:\mycode\c++\fzyimageprocess\fzyimageprocess\debug\fzyimageprocess.tlog\link.command.1.tlog
d:\mycode\c++\fzyimageprocess\fzyimageprocess\debug\fzyimageprocess.tlog\link.read.1.tlog
d:\mycode\c++\fzyimageprocess\fzyimageprocess\debug\fzyimageprocess.tlog\link.write.1.tlog
